<?xml version="1.0" encoding="UTF-8"?>
<!-- Generated by org.testng.reporters.JUnitReportReporter -->
<testsuite hostname="LAPTOP-5CHV4394" name="cucumbersample.cucumbersample.testrunner.TestRunner" tests="2" failures="0" timestamp="30 Oct 2019 12:36:13 GMT" time="111.807" errors="0">
  <testcase name="feature" time="32.665" classname="cucumbersample.cucumbersample.testrunner.TestRunner"/>
  <testcase name="feature" time="79.142" classname="cucumbersample.cucumbersample.testrunner.TestRunner"/>
</testsuite> <!-- cucumbersample.cucumbersample.testrunner.TestRunner -->
